==================================================================
2025/11/20_14:26:38:990
processName:cmd
PID:  13012
PPID: 9912
csID: 1
==================================================================
==================================================================
2025/11/20_14:26:39:42
processName:chcp
PID:  16068
PPID: 13012
csID: 2
==================================================================
==================================================================
2025/11/20_14:26:39:156
processName:make
PID:  15304
PPID: 13012
csID: 3
==================================================================
==================================================================
2025/11/20_14:26:39:226
processName:g++
PID:  12212
PPID: 15304
csID: 4
==================================================================
==================================================================
2025/11/20_14:26:39:305
processName:cc1plus
PID:  18688
PPID: 12212
csID: 5
==================================================================
==================================================================
2025/11/20_14:26:39:644
processName:as
PID:  2628
PPID: 12212
csID: 6
==================================================================
==================================================================
2025/11/20_14:26:39:749
processName:g++
PID:  13232
PPID: 15304
csID: 7
==================================================================
==================================================================
2025/11/20_14:26:39:829
processName:cc1plus
PID:  19820
PPID: 13232
csID: 8
==================================================================
==================================================================
2025/11/20_14:26:40:145
processName:as
PID:  8604
PPID: 13232
csID: 9
==================================================================
==================================================================
2025/11/20_14:26:40:245
processName:g++
PID:  17936
PPID: 15304
csID: 10
==================================================================
==================================================================
2025/11/20_14:26:40:315
processName:cc1plus
PID:  10244
PPID: 17936
csID: 11
==================================================================
==================================================================
2025/11/20_14:26:40:795
processName:as
PID:  10920
PPID: 17936
csID: 12
==================================================================
==================================================================
2025/11/20_14:26:40:904
processName:g++
PID:  14420
PPID: 15304
csID: 13
==================================================================
==================================================================
2025/11/20_14:26:40:970
processName:collect2
PID:  17760
PPID: 14420
csID: 14
==================================================================
==================================================================
2025/11/20_14:26:41:46
processName:ld
PID:  20164
PPID: 17760
csID: 15
==================================================================
==================================================================
2025/11/20_14:26:41:418
processName:chcp
PID:  12272
PPID: 13012
csID: 16
==================================================================
