(13012)(    1)ME: C:\WINDOWS\system32\cmd.exe
(13012)(    1) + HOME: C:\Users\cst\AppData\Local\Suresofttech Inc\STATIC Toolbox\apps\STATIC Client for C, C++ v4.10.0\
(13012)(    1) + WORKING: D:\pjh\STATIC_TEST\.staticdata
(13012) + IGNORE: msbuild xxxxx // INTEREST: cl gcc cc g++ ar link ld xxx xc8 cpp cpstm8 castm8 clnk tricore-gcc tricore-g++ ctoa etoa ecomppc elxr
(13012)(    1) + Ignored EXENAME: cmd
(16068)(    2)ME: C:\WINDOWS\system32\chcp.com
(16068)(    2) + HOME: C:\Users\cst\AppData\Local\Suresofttech Inc\STATIC Toolbox\apps\STATIC Client for C, C++ v4.10.0\
(16068)(    2) + WORKING: D:\pjh\STATIC_TEST\.staticdata
(16068) + IGNORE: msbuild xxxxx // INTEREST: cl gcc cc g++ ar link ld xxx xc8 cpp cpstm8 castm8 clnk tricore-gcc tricore-g++ ctoa etoa ecomppc elxr
(16068)(    2) + Ignored EXENAME: chcp
(15304)(    3)ME: C:\Program Files (x86)\GnuWin32\bin\make.exe
(15304)(    3) + HOME: C:\Users\cst\AppData\Local\Suresofttech Inc\STATIC Toolbox\apps\STATIC Client for C, C++ v4.10.0\
(15304)(    3) + WORKING: D:\pjh\STATIC_TEST\.staticdata
(15304) + IGNORE: msbuild xxxxx // INTEREST: cl gcc cc g++ ar link ld xxx xc8 cpp cpstm8 castm8 clnk tricore-gcc tricore-g++ ctoa etoa ecomppc elxr
(15304)(    3) + Ignored EXENAME: make
(18688)(    5)ME: c:\gcc\5.3.0\32bit\bin\..\libexec\gcc\mingw32\5.3.0\cc1plus.exe
(18688)(    5) + HOME: C:\Users\cst\AppData\Local\Suresofttech Inc\STATIC Toolbox\apps\STATIC Client for C, C++ v4.10.0\
(18688)(    5) + WORKING: D:\pjh\STATIC_TEST\.staticdata
(18688) + IGNORE: msbuild xxxxx // INTEREST: cl gcc cc g++ ar link ld xxx xc8 cpp cpstm8 castm8 clnk tricore-gcc tricore-g++ ctoa etoa ecomppc elxr
(18688)(    5)ME: c:\gcc\5.3.0\32bit\bin\..\libexec\gcc\mingw32\5.3.0\cc1plus.exe
(18688)(    5) + HOME: C:\Users\cst\AppData\Local\Suresofttech Inc\STATIC Toolbox\apps\STATIC Client for C, C++ v4.10.0\
(18688)(    5) + WORKING: D:\pjh\STATIC_TEST\.staticdata
(18688) + IGNORE: msbuild xxxxx // INTEREST: cl gcc cc g++ ar link ld xxx xc8 cpp cpstm8 castm8 clnk tricore-gcc tricore-g++ ctoa etoa ecomppc elxr
( 2628)(    6)ME: c:\gcc\5.3.0\32bit\bin\..\lib\gcc\mingw32\5.3.0\..\..\..\..\mingw32\bin\as.exe
( 2628)(    6) + HOME: C:\Users\cst\AppData\Local\Suresofttech Inc\STATIC Toolbox\apps\STATIC Client for C, C++ v4.10.0\
( 2628)(    6) + WORKING: D:\pjh\STATIC_TEST\.staticdata
( 2628) + IGNORE: msbuild xxxxx // INTEREST: cl gcc cc g++ ar link ld xxx xc8 cpp cpstm8 castm8 clnk tricore-gcc tricore-g++ ctoa etoa ecomppc elxr
( 2628)(    6) + Ignored EXENAME: as
( 2628)(    6)ME: c:\gcc\5.3.0\32bit\bin\..\lib\gcc\mingw32\5.3.0\..\..\..\..\mingw32\bin\as.exe
( 2628)(    6) + HOME: C:\Users\cst\AppData\Local\Suresofttech Inc\STATIC Toolbox\apps\STATIC Client for C, C++ v4.10.0\
( 2628)(    6) + WORKING: D:\pjh\STATIC_TEST\.staticdata
( 2628) + IGNORE: msbuild xxxxx // INTEREST: cl gcc cc g++ ar link ld xxx xc8 cpp cpstm8 castm8 clnk tricore-gcc tricore-g++ ctoa etoa ecomppc elxr
(12212)(    4)ME: C:\gcc\5.3.0\32bit\bin\g++.exe
(12212)(    4) + HOME: C:\Users\cst\AppData\Local\Suresofttech Inc\STATIC Toolbox\apps\STATIC Client for C, C++ v4.10.0\
(12212)(    4) + WORKING: D:\pjh\STATIC_TEST\.staticdata
(12212) + IGNORE: msbuild xxxxx // INTEREST: cl gcc cc g++ ar link ld xxx xc8 cpp cpstm8 castm8 clnk tricore-gcc tricore-g++ ctoa etoa ecomppc elxr
(12212)(    4)ME: C:\gcc\5.3.0\32bit\bin\g++.exe
(12212)(    4) + HOME: C:\Users\cst\AppData\Local\Suresofttech Inc\STATIC Toolbox\apps\STATIC Client for C, C++ v4.10.0\
(12212)(    4) + WORKING: D:\pjh\STATIC_TEST\.staticdata
(12212) + IGNORE: msbuild xxxxx // INTEREST: cl gcc cc g++ ar link ld xxx xc8 cpp cpstm8 castm8 clnk tricore-gcc tricore-g++ ctoa etoa ecomppc elxr
(19820)(    8)ME: c:\gcc\5.3.0\32bit\bin\..\libexec\gcc\mingw32\5.3.0\cc1plus.exe
(19820)(    8) + HOME: C:\Users\cst\AppData\Local\Suresofttech Inc\STATIC Toolbox\apps\STATIC Client for C, C++ v4.10.0\
(19820)(    8) + WORKING: D:\pjh\STATIC_TEST\.staticdata
(19820) + IGNORE: msbuild xxxxx // INTEREST: cl gcc cc g++ ar link ld xxx xc8 cpp cpstm8 castm8 clnk tricore-gcc tricore-g++ ctoa etoa ecomppc elxr
(19820)(    8)ME: c:\gcc\5.3.0\32bit\bin\..\libexec\gcc\mingw32\5.3.0\cc1plus.exe
(19820)(    8) + HOME: C:\Users\cst\AppData\Local\Suresofttech Inc\STATIC Toolbox\apps\STATIC Client for C, C++ v4.10.0\
(19820)(    8) + WORKING: D:\pjh\STATIC_TEST\.staticdata
(19820) + IGNORE: msbuild xxxxx // INTEREST: cl gcc cc g++ ar link ld xxx xc8 cpp cpstm8 castm8 clnk tricore-gcc tricore-g++ ctoa etoa ecomppc elxr
( 8604)(    9)ME: c:\gcc\5.3.0\32bit\bin\..\lib\gcc\mingw32\5.3.0\..\..\..\..\mingw32\bin\as.exe
( 8604)(    9) + HOME: C:\Users\cst\AppData\Local\Suresofttech Inc\STATIC Toolbox\apps\STATIC Client for C, C++ v4.10.0\
( 8604)(    9) + WORKING: D:\pjh\STATIC_TEST\.staticdata
( 8604) + IGNORE: msbuild xxxxx // INTEREST: cl gcc cc g++ ar link ld xxx xc8 cpp cpstm8 castm8 clnk tricore-gcc tricore-g++ ctoa etoa ecomppc elxr
( 8604)(    9) + Ignored EXENAME: as
( 8604)(    9)ME: c:\gcc\5.3.0\32bit\bin\..\lib\gcc\mingw32\5.3.0\..\..\..\..\mingw32\bin\as.exe
( 8604)(    9) + HOME: C:\Users\cst\AppData\Local\Suresofttech Inc\STATIC Toolbox\apps\STATIC Client for C, C++ v4.10.0\
( 8604)(    9) + WORKING: D:\pjh\STATIC_TEST\.staticdata
( 8604) + IGNORE: msbuild xxxxx // INTEREST: cl gcc cc g++ ar link ld xxx xc8 cpp cpstm8 castm8 clnk tricore-gcc tricore-g++ ctoa etoa ecomppc elxr
(13232)(    7)ME: C:\gcc\5.3.0\32bit\bin\g++.exe
(13232)(    7) + HOME: C:\Users\cst\AppData\Local\Suresofttech Inc\STATIC Toolbox\apps\STATIC Client for C, C++ v4.10.0\
(13232)(    7) + WORKING: D:\pjh\STATIC_TEST\.staticdata
(13232) + IGNORE: msbuild xxxxx // INTEREST: cl gcc cc g++ ar link ld xxx xc8 cpp cpstm8 castm8 clnk tricore-gcc tricore-g++ ctoa etoa ecomppc elxr
(13232)(    7)ME: C:\gcc\5.3.0\32bit\bin\g++.exe
(13232)(    7) + HOME: C:\Users\cst\AppData\Local\Suresofttech Inc\STATIC Toolbox\apps\STATIC Client for C, C++ v4.10.0\
(13232)(    7) + WORKING: D:\pjh\STATIC_TEST\.staticdata
(13232) + IGNORE: msbuild xxxxx // INTEREST: cl gcc cc g++ ar link ld xxx xc8 cpp cpstm8 castm8 clnk tricore-gcc tricore-g++ ctoa etoa ecomppc elxr
(10244)(   11)ME: c:\gcc\5.3.0\32bit\bin\..\libexec\gcc\mingw32\5.3.0\cc1plus.exe
(10244)(   11) + HOME: C:\Users\cst\AppData\Local\Suresofttech Inc\STATIC Toolbox\apps\STATIC Client for C, C++ v4.10.0\
(10244)(   11) + WORKING: D:\pjh\STATIC_TEST\.staticdata
(10244) + IGNORE: msbuild xxxxx // INTEREST: cl gcc cc g++ ar link ld xxx xc8 cpp cpstm8 castm8 clnk tricore-gcc tricore-g++ ctoa etoa ecomppc elxr
(10244)(   11)ME: c:\gcc\5.3.0\32bit\bin\..\libexec\gcc\mingw32\5.3.0\cc1plus.exe
(10244)(   11) + HOME: C:\Users\cst\AppData\Local\Suresofttech Inc\STATIC Toolbox\apps\STATIC Client for C, C++ v4.10.0\
(10244)(   11) + WORKING: D:\pjh\STATIC_TEST\.staticdata
(10244) + IGNORE: msbuild xxxxx // INTEREST: cl gcc cc g++ ar link ld xxx xc8 cpp cpstm8 castm8 clnk tricore-gcc tricore-g++ ctoa etoa ecomppc elxr
(10920)(   12)ME: c:\gcc\5.3.0\32bit\bin\..\lib\gcc\mingw32\5.3.0\..\..\..\..\mingw32\bin\as.exe
(10920)(   12) + HOME: C:\Users\cst\AppData\Local\Suresofttech Inc\STATIC Toolbox\apps\STATIC Client for C, C++ v4.10.0\
(10920)(   12) + WORKING: D:\pjh\STATIC_TEST\.staticdata
(10920) + IGNORE: msbuild xxxxx // INTEREST: cl gcc cc g++ ar link ld xxx xc8 cpp cpstm8 castm8 clnk tricore-gcc tricore-g++ ctoa etoa ecomppc elxr
(10920)(   12) + Ignored EXENAME: as
(10920)(   12)ME: c:\gcc\5.3.0\32bit\bin\..\lib\gcc\mingw32\5.3.0\..\..\..\..\mingw32\bin\as.exe
(10920)(   12) + HOME: C:\Users\cst\AppData\Local\Suresofttech Inc\STATIC Toolbox\apps\STATIC Client for C, C++ v4.10.0\
(10920)(   12) + WORKING: D:\pjh\STATIC_TEST\.staticdata
(10920) + IGNORE: msbuild xxxxx // INTEREST: cl gcc cc g++ ar link ld xxx xc8 cpp cpstm8 castm8 clnk tricore-gcc tricore-g++ ctoa etoa ecomppc elxr
(17936)(   10)ME: C:\gcc\5.3.0\32bit\bin\g++.exe
(17936)(   10) + HOME: C:\Users\cst\AppData\Local\Suresofttech Inc\STATIC Toolbox\apps\STATIC Client for C, C++ v4.10.0\
(17936)(   10) + WORKING: D:\pjh\STATIC_TEST\.staticdata
(17936) + IGNORE: msbuild xxxxx // INTEREST: cl gcc cc g++ ar link ld xxx xc8 cpp cpstm8 castm8 clnk tricore-gcc tricore-g++ ctoa etoa ecomppc elxr
(17936)(   10)ME: C:\gcc\5.3.0\32bit\bin\g++.exe
(17936)(   10) + HOME: C:\Users\cst\AppData\Local\Suresofttech Inc\STATIC Toolbox\apps\STATIC Client for C, C++ v4.10.0\
(17936)(   10) + WORKING: D:\pjh\STATIC_TEST\.staticdata
(17936) + IGNORE: msbuild xxxxx // INTEREST: cl gcc cc g++ ar link ld xxx xc8 cpp cpstm8 castm8 clnk tricore-gcc tricore-g++ ctoa etoa ecomppc elxr
(17760)(   14)ME: c:\gcc\5.3.0\32bit\bin\..\libexec\gcc\mingw32\5.3.0\collect2.exe
(17760)(   14) + HOME: C:\Users\cst\AppData\Local\Suresofttech Inc\STATIC Toolbox\apps\STATIC Client for C, C++ v4.10.0\
(17760)(   14) + WORKING: D:\pjh\STATIC_TEST\.staticdata
(17760) + IGNORE: msbuild xxxxx // INTEREST: cl gcc cc g++ ar link ld xxx xc8 cpp cpstm8 castm8 clnk tricore-gcc tricore-g++ ctoa etoa ecomppc elxr
(17760)(   14) + Ignored EXENAME: collect2
(20164)(   15)ME: c:\gcc\5.3.0\32bit\bin\..\lib\gcc\mingw32\5.3.0\..\..\..\..\mingw32\bin\ld.exe
(20164)(   15) + HOME: C:\Users\cst\AppData\Local\Suresofttech Inc\STATIC Toolbox\apps\STATIC Client for C, C++ v4.10.0\
(20164)(   15) + WORKING: D:\pjh\STATIC_TEST\.staticdata
(20164) + IGNORE: msbuild xxxxx // INTEREST: cl gcc cc g++ ar link ld xxx xc8 cpp cpstm8 castm8 clnk tricore-gcc tricore-g++ ctoa etoa ecomppc elxr
(20164)(   15)ME: c:\gcc\5.3.0\32bit\bin\..\lib\gcc\mingw32\5.3.0\..\..\..\..\mingw32\bin\ld.exe
(20164)(   15) + HOME: C:\Users\cst\AppData\Local\Suresofttech Inc\STATIC Toolbox\apps\STATIC Client for C, C++ v4.10.0\
(20164)(   15) + WORKING: D:\pjh\STATIC_TEST\.staticdata
(20164) + IGNORE: msbuild xxxxx // INTEREST: cl gcc cc g++ ar link ld xxx xc8 cpp cpstm8 castm8 clnk tricore-gcc tricore-g++ ctoa etoa ecomppc elxr
(17760)(   14)ME: c:\gcc\5.3.0\32bit\bin\..\libexec\gcc\mingw32\5.3.0\collect2.exe
(17760)(   14) + HOME: C:\Users\cst\AppData\Local\Suresofttech Inc\STATIC Toolbox\apps\STATIC Client for C, C++ v4.10.0\
(17760)(   14) + WORKING: D:\pjh\STATIC_TEST\.staticdata
(17760) + IGNORE: msbuild xxxxx // INTEREST: cl gcc cc g++ ar link ld xxx xc8 cpp cpstm8 castm8 clnk tricore-gcc tricore-g++ ctoa etoa ecomppc elxr
(14420)(   13)ME: C:\gcc\5.3.0\32bit\bin\g++.exe
(14420)(   13) + HOME: C:\Users\cst\AppData\Local\Suresofttech Inc\STATIC Toolbox\apps\STATIC Client for C, C++ v4.10.0\
(14420)(   13) + WORKING: D:\pjh\STATIC_TEST\.staticdata
(14420) + IGNORE: msbuild xxxxx // INTEREST: cl gcc cc g++ ar link ld xxx xc8 cpp cpstm8 castm8 clnk tricore-gcc tricore-g++ ctoa etoa ecomppc elxr
(14420)(   13)ME: C:\gcc\5.3.0\32bit\bin\g++.exe
(14420)(   13) + HOME: C:\Users\cst\AppData\Local\Suresofttech Inc\STATIC Toolbox\apps\STATIC Client for C, C++ v4.10.0\
(14420)(   13) + WORKING: D:\pjh\STATIC_TEST\.staticdata
(14420) + IGNORE: msbuild xxxxx // INTEREST: cl gcc cc g++ ar link ld xxx xc8 cpp cpstm8 castm8 clnk tricore-gcc tricore-g++ ctoa etoa ecomppc elxr
(15304)(    3)ME: C:\Program Files (x86)\GnuWin32\bin\make.exe
(15304)(    3) + HOME: C:\Users\cst\AppData\Local\Suresofttech Inc\STATIC Toolbox\apps\STATIC Client for C, C++ v4.10.0\
(15304)(    3) + WORKING: D:\pjh\STATIC_TEST\.staticdata
(15304) + IGNORE: msbuild xxxxx // INTEREST: cl gcc cc g++ ar link ld xxx xc8 cpp cpstm8 castm8 clnk tricore-gcc tricore-g++ ctoa etoa ecomppc elxr
(12272)(   16)ME: C:\WINDOWS\system32\chcp.com
(12272)(   16) + HOME: C:\Users\cst\AppData\Local\Suresofttech Inc\STATIC Toolbox\apps\STATIC Client for C, C++ v4.10.0\
(12272)(   16) + WORKING: D:\pjh\STATIC_TEST\.staticdata
(12272) + IGNORE: msbuild xxxxx // INTEREST: cl gcc cc g++ ar link ld xxx xc8 cpp cpstm8 castm8 clnk tricore-gcc tricore-g++ ctoa etoa ecomppc elxr
(12272)(   16) + Ignored EXENAME: chcp
